OT 1:50
 Tst:OT bkFrom:1 bkTo:50

 b:1-50
 b:1 c:1-50: 1 2 3 4 5 6 7 8 9 10 11 12 13 14 15 16 17 18 19 20 21 22 23 24 25 26 27 28 29 30 31 32 33 34 35 36 37 38 39 40 41 42 43 44 45 46 47 48 49 50
 b:2 c:1-40: 1 2 3 4 5 6 7 8 9 10 11 12 13 14 15 16 17 18 19 20 21 22 23 24 25 26 27 28 29 30 31 32 33 34 35 36 37 38 39 40
 b:3 c:1-27: 1 2 3 4 5 6 7 8 9 10 11 12 13 14 15 16 17 18 19 20 21 22 23 24 25 26 27
 b:4 c:1-36: 1 2 3 4 5 6 7 8 9 10 11 12 13 14 15 16 17 18 19 20 21 22 23 24 25 26 27 28 29 30 31 32 33 34 35 36
 b:5 c:1-34: 1 2 3 4 5 6 7 8 9 10 11 12 13 14 15 16 17 18 19 20 21 22 23 24 25 26 27 28 29 30 31 32 33 34
 b:6 c:1-24: 1 2 3 4 5 6 7 8 9 10 11 12 13 14 15 16 17 18 19 20 21 22 23 24
 b:7 c:1-21: 1 2 3 4 5 6 7 8 9 10 11 12 13 14 15 16 17 18 19 20 21
 b:8 c:1-4: 1 2 3 4
 b:9 c:1-31: 1 2 3 4 5 6 7 8 9 10 11 12 13 14 15 16 17 18 19 20 21 22 23 24 25 26 27 28 29 30 31
 b:10 c:1-24: 1 2 3 4 5 6 7 8 9 10 11 12 13 14 15 16 17 18 19 20 21 22 23 24
 b:11 c:1-22: 1 2 3 4 5 6 7 8 9 10 11 12 13 14 15 16 17 18 19 20 21 22
 b:12 c:1-25: 1 2 3 4 5 6 7 8 9 10 11 12 13 14 15 16 17 18 19 20 21 22 23 24 25
 b:13 c:1-29: 1 2 3 4 5 6 7 8 9 10 11 12 13 14 15 16 17 18 19 20 21 22 23 24 25 26 27 28 29
 b:14 c:1-36: 1 2 3 4 5 6 7 8 9 10 11 12 13 14 15 16 17 18 19 20 21 22 23 24 25 26 27 28 29 30 31 32 33 34 35 36
 b:15 c:1-10: 1 2 3 4 5 6 7 8 9 10
 b:16 c:1-13: 1 2 3 4 5 6 7 8 9 10 11 12 13
 b:17 c:1-9: 1 2 3 4 5 6 7 8 9
 b:18 c:1-14: 1 2 3 4 5 6 7 8 9 10 11 12 13 14
 b:19 c:1-16: 1 2 3 4 5 6 7 8 9 10 11 12 13 14 15 16
 b:20 c:1-10: 1 2 3 4 5 6 7 8 9 10
 b:21 c:1-42: 1 2 3 4 5 6 7 8 9 10 11 12 13 14 15 16 17 18 19 20 21 22 23 24 25 26 27 28 29 30 31 32 33 34 35 36 37 38 39 40 41 42
 b:22 c:1-151: 1 2 3 4 (-2) 5 (-2) 6 (-2) 7 (-2) 8 (-2) 9 (-2) 10 11 (-2) 12 (-2) 13 14 15 16 17 (-2) 18 (-2) 19 (-2) 20 (-2) 21 (-2) 22 23 24 25 26 27 28 29 (-2) 30 (-2) 31 32 33 (-2) 34 35 (-2) 36 37 (-2) 38 (-2) 39 (-2) 40 (-2) 41 (-2) 42 43 (-2) 44 (-2) 45 (-2) 46 (-2) 47 (-2) 48 (-2) 49 50 51 (-1) 52 (-2) 53 (-1) 54 (-2) 55 (-2) 56 (-2) 57 (-2) 58 (-2) 59 60 (-2) 61 (-1) (-2) 62 (-2) 63 (-2) 64 (-2) 65 66 (-2) 67 (-2) 68 (-2) 69 (-2) 70 71 72 73 74 (-2) 75 (-2) 76 (-2) 77 78 79 (-2) 80 (-2) 81 82 (-2) 83 (-2) 84 (-2) 85 86 (-2) 87 (-2) 88 (-2) 89 (-2) 90 91 (-2) 92 93 94 95 96 97 98 99 100 101 (-2) 102 103 104 105 106 107 (-2) 108 109 110 111 112 113 114 115 116 117 118 119 120 121 122 123 124 125 126 127 128 129 130 131 132 133 134 135 136 137 138 139 (-2) 140 141 142 143 144 145 146 147 148 149 150 151
 b:23 c:1-31: 1 2 3 4 5 6 7 8 9 10 11 12 13 14 15 16 17 18 19 20 21 22 23 24 25 (-1) 26 27 28 29 30 (-1) 31 (-1)
 b:24 c:1-12: 1 2 3 4 5 6 7 8 9 10 11 12
 b:25 c:1-8: 1 2 3 4 5 6 7 8
 b:26 c:1-19: 1 2 3 4 5 6 7 8 9 10 11 12 13 14 15 16 17 18 19
 b:27 c:1-51: 1 2 3 4 5 6 7 8 9 10 11 12 13 14 15 16 17 18 19 20 21 22 23 24 25 26 27 28 29 30 31 32 33 34 35 36 37 38 39 40 41 42 43 44 45 46 47 48 49 50 51
 b:28 c:1-66: 1 2 3 4 5 6 7 8 9 10 11 12 13 14 15 16 17 18 19 20 21 22 23 24 25 26 27 28 29 30 31 32 33 34 35 36 37 38 39 40 41 42 43 44 45 46 47 48 49 50 51 52 53 54 55 56 57 58 59 60 61 62 63 64 65 66
 b:29 c:1-52: 1 2 3 4 5 6 7 8 9 10 11 12 13 14 15 16 17 18 19 20 21 22 23 24 25 26 27 28 29 30 31 32 33 34 35 36 37 38 39 40 41 42 43 44 45 46 47 48 49 50 51 52
 b:30 c:1-5: 1 2 3 4 5
 b:31 c:1-1: 1
 b:32 c:1-5: 1 2 3 4 5
 b:33 c:1-48: 1 2 3 4 5 6 7 8 9 10 11 12 13 14 15 16 17 18 19 20 21 22 23 24 25 26 27 28 29 30 31 32 33 34 35 36 37 38 39 40 41 42 43 44 45 46 47 48
 b:34 c:1-14: 1 2 3 4 5 6 7 8 9 10 11 12 13 14
 b:35 c:1-14: 1 2 3 4 5 6 7 8 9 10 11 12 13 14
 b:36 c:1-3: 1 2 3
 b:37 c:1-9: 1 2 3 4 5 6 7 8 9
 b:38 c:1-1: 1
 b:39 c:1-4: 1 2 3 4
 b:40 c:1-7: 1 2 3 4 5 6 7
 b:41 c:1-3: 1 2 3
 b:42 c:1-3: 1 2 3
 b:43 c:1-3: 1 2 3
 b:44 c:1-2: 1 2
 b:45 c:1-14: 1 2 3 4 5 6 7 8 9 10 11 12 13 14
 b:46 c:1-4: 1 2 3 4
 b:47 c:1-16: 1 2 3 4 5 6 7 8 9 10 11 12 13 14 15 16
 b:48 c:1-15: 1 2 3 4 5 6 7 8 9 10 11 12 13 14 15
 b:49 c:1-7: 1 2 3 4 5 6 7
 b:50 c:1-16: 1 2 3 4 5 6 7 8 9 10 11 12 13 14 15 16
 

кн.1: #Първа книга Mойсеева - Битие#
кн.1 гл.1: |ГЛАВА 1|
кн.1 гл.2: |ГЛАВА 2|
кн.1 гл.3: |ГЛАВА 3|
кн.1 гл.4: |ГЛАВА 4|
кн.1 гл.5: |ГЛАВА 5|
кн.1 гл.6: |ГЛАВА 6|
кн.1 гл.7: |ГЛАВА 7|
кн.1 гл.8: |ГЛАВА 8|
кн.1 гл.9: |ГЛАВА 9|
кн.1 гл.10: |ГЛАВА 10|
кн.1 гл.11: |ГЛАВА 11|
кн.1 гл.12: |ГЛАВА 12|
кн.1 гл.13: |ГЛАВА 13|
кн.1 гл.14: |ГЛАВА 14|
кн.1 гл.15: |ГЛАВА 15|
кн.1 гл.16: |ГЛАВА 16|
кн.1 гл.17: |ГЛАВА 17|
кн.1 гл.18: |ГЛАВА 18|
кн.1 гл.19: |ГЛАВА 19|
кн.1 гл.20: |ГЛАВА 20|
кн.1 гл.21: |ГЛАВА 21|
кн.1 гл.22: |ГЛАВА 22|
кн.1 гл.23: |ГЛАВА 23|
кн.1 гл.24: |ГЛАВА 24|
кн.1 гл.25: |ГЛАВА 25|
кн.1 гл.26: |ГЛАВА 26|
кн.1 гл.27: |ГЛАВА 27|
кн.1 гл.28: |ГЛАВА 28|
кн.1 гл.29: |ГЛАВА 29|
кн.1 гл.30: |ГЛАВА 30|
кн.1 гл.31: |ГЛАВА 31|
кн.1 гл.32: |ГЛАВА 32|
кн.1 гл.33: |ГЛАВА 33|
кн.1 гл.34: |ГЛАВА 34|
кн.1 гл.35: |ГЛАВА 35|
кн.1 гл.36: |ГЛАВА 36|
кн.1 гл.37: |ГЛАВА 37|
кн.1 гл.38: |ГЛАВА 38|
кн.1 гл.39: |ГЛАВА 39|
кн.1 гл.40: |ГЛАВА 40|
кн.1 гл.41: |ГЛАВА 41|
кн.1 гл.42: |ГЛАВА 42|
кн.1 гл.43: |ГЛАВА 43|
кн.1 гл.44: |ГЛАВА 44|
кн.1 гл.45: |ГЛАВА 45|
кн.1 гл.46: |ГЛАВА 46|
кн.1 гл.47: |ГЛАВА 47|
кн.1 гл.48: |ГЛАВА 48|
кн.1 гл.49: |ГЛАВА 49|
кн.1 гл.50: |ГЛАВА 50|
кн.2: #Втора книга Моисеева - Изход#
кн.2 гл.1: |ГЛАВА 1|
кн.2 гл.2: |ГЛАВА 2|
кн.2 гл.3: |ГЛАВА 3|
кн.2 гл.4: |ГЛАВА 4|
кн.2 гл.5: |ГЛАВА 5|
кн.2 гл.6: |ГЛАВА 6|
кн.2 гл.7: |ГЛАВА 7|
кн.2 гл.8: |ГЛАВА 8|
кн.2 гл.9: |ГЛАВА 9|
кн.2 гл.10: |ГЛАВА 10|
кн.2 гл.11: |ГЛАВА 11|
кн.2 гл.12: |ГЛАВА 12|
кн.2 гл.13: |ГЛАВА 13|
кн.2 гл.14: |ГЛАВА 14|
кн.2 гл.15: |ГЛАВА 15|
кн.2 гл.16: |ГЛАВА 16|
кн.2 гл.17: |ГЛАВА 17|
кн.2 гл.18: |ГЛАВА 18|
кн.2 гл.19: |ГЛАВА 19|
кн.2 гл.20: |ГЛАВА 20|
кн.2 гл.21: |ГЛАВА 21|
кн.2 гл.22: |ГЛАВА 22|
кн.2 гл.23: |ГЛАВА 23|
кн.2 гл.24: |ГЛАВА 24|
кн.2 гл.25: |ГЛАВА 25|
кн.2 гл.26: |ГЛАВА 26|
кн.2 гл.27: |ГЛАВА 27|
кн.2 гл.28: |ГЛАВА 28|
кн.2 гл.29: |ГЛАВА 29|
кн.2 гл.30: |ГЛАВА 30|
кн.2 гл.31: |ГЛАВА 31|
кн.2 гл.32: |ГЛАВА 32|
кн.2 гл.33: |ГЛАВА 33|
кн.2 гл.34: |ГЛАВА 34|
кн.2 гл.35: |ГЛАВА 35|
кн.2 гл.36: |ГЛАВА 36|
кн.2 гл.37: |ГЛАВА 37|
кн.2 гл.38: |ГЛАВА 38|
кн.2 гл.39: |ГЛАВА 39|
кн.2 гл.40: |ГЛАВА 40|
кн.3: #Трета книга Моисеева - Левит#
кн.3 гл.1: |ГЛАВА 1|
кн.3 гл.2: |ГЛАВА 2|
кн.3 гл.3: |ГЛАВА 3|
кн.3 гл.4: |ГЛАВА 4|
кн.3 гл.5: |ГЛАВА 5|
кн.3 гл.6: |ГЛАВА 6|
кн.3 гл.7: |ГЛАВА 7|
кн.3 гл.8: |ГЛАВА 8|
кн.3 гл.9: |ГЛАВА 9|
кн.3 гл.10: |ГЛАВА 10|
кн.3 гл.11: |ГЛАВА 11|
кн.3 гл.12: |ГЛАВА 12|
кн.3 гл.13: |ГЛАВА 13|
кн.3 гл.14: |ГЛАВА 14|
кн.3 гл.15: |ГЛАВА 15|
кн.3 гл.16: |ГЛАВА 16|
кн.3 гл.17: |ГЛАВА 17|
кн.3 гл.18: |ГЛАВА 18|
кн.3 гл.19: |ГЛАВА 19|
кн.3 гл.20: |ГЛАВА 20|
кн.3 гл.21: |ГЛАВА 21|
кн.3 гл.22: |ГЛАВА 22|
кн.3 гл.23: |ГЛАВА 23|
кн.3 гл.24: |ГЛАВА 24|
кн.3 гл.25: |ГЛАВА 25|
кн.3 гл.26: |ГЛАВА 26|
кн.3 гл.27: |ГЛАВА 27|
кн.4: #Четвърта книга Моисеева - Числа#
кн.4 гл.1: |ГЛАВА 1|
кн.4 гл.2: |ГЛАВА 2|
кн.4 гл.3: |ГЛАВА 3|
кн.4 гл.4: |ГЛАВА 4|
кн.4 гл.5: |ГЛАВА 5|
кн.4 гл.6: |ГЛАВА 6|
кн.4 гл.7: |ГЛАВА 7|
кн.4 гл.8: |ГЛАВА 8|
кн.4 гл.9: |ГЛАВА 9|
кн.4 гл.10: |ГЛАВА 10|
кн.4 гл.11: |ГЛАВА 11|
кн.4 гл.12: |ГЛАВА 12|
кн.4 гл.13: |ГЛАВА 13|
кн.4 гл.14: |ГЛАВА 14|
кн.4 гл.15: |ГЛАВА 15|
кн.4 гл.16: |ГЛАВА 16|
кн.4 гл.17: |ГЛАВА 17|
кн.4 гл.18: |ГЛАВА 18|
кн.4 гл.19: |ГЛАВА 19|
кн.4 гл.20: |ГЛАВА 20|
кн.4 гл.21: |ГЛАВА 21|
кн.4 гл.22: |ГЛАВА 22|
кн.4 гл.23: |ГЛАВА 23|
кн.4 гл.24: |ГЛАВА 24|
кн.4 гл.25: |ГЛАВА 25|
кн.4 гл.26: |ГЛАВА 26|
кн.4 гл.27: |ГЛАВА 27|
кн.4 гл.28: |ГЛАВА 28|
кн.4 гл.29: |ГЛАВА 29|
кн.4 гл.30: |ГЛАВА 30|
кн.4 гл.31: |ГЛАВА 31|
кн.4 гл.32: |ГЛАВА 32|
кн.4 гл.33: |ГЛАВА 33|
кн.4 гл.34: |ГЛАВА 34|
кн.4 гл.35: |ГЛАВА 35|
кн.4 гл.36: |ГЛАВА 36|
кн.5: #Пета книга Моисеева - Второзаконие#
кн.5 гл.1: |ГЛАВА 1|
кн.5 гл.2: |ГЛАВА 2|
кн.5 гл.3: |ГЛАВА 3|
кн.5 гл.4: |ГЛАВА 4|
кн.5 гл.5: |ГЛАВА 5|
кн.5 гл.6: |ГЛАВА 6|
кн.5 гл.7: |ГЛАВА 7|
кн.5 гл.8: |ГЛАВА 8|
кн.5 гл.9: |ГЛАВА 9|
кн.5 гл.10: |ГЛАВА 10|
кн.5 гл.11: |ГЛАВА 11|
кн.5 гл.12: |ГЛАВА 12|
кн.5 гл.13: |ГЛАВА 13|
кн.5 гл.14: |ГЛАВА 14|
кн.5 гл.15: |ГЛАВА 15|
кн.5 гл.16: |ГЛАВА 16|
кн.5 гл.17: |ГЛАВА 17|
кн.5 гл.18: |ГЛАВА 18|
кн.5 гл.19: |ГЛАВА 19|
кн.5 гл.20: |ГЛАВА 20|
кн.5 гл.21: |ГЛАВА 21|
кн.5 гл.22: |ГЛАВА 22|
кн.5 гл.23: |ГЛАВА 23|
кн.5 гл.24: |ГЛАВА 24|
кн.5 гл.25: |ГЛАВА 25|
кн.5 гл.26: |ГЛАВА 26|
кн.5 гл.27: |ГЛАВА 27|
кн.5 гл.28: |ГЛАВА 28|
кн.5 гл.29: |ГЛАВА 29|
кн.5 гл.30: |ГЛАВА 30|
кн.5 гл.31: |ГЛАВА 31|
кн.5 гл.32: |ГЛАВА 32|
кн.5 гл.33: |ГЛАВА 33|
кн.5 гл.34: |ГЛАВА 34|
кн.6: #Книга Иисус Навин#
кн.6 гл.1: |ГЛАВА 1|
кн.6 гл.2: |ГЛАВА 2|
кн.6 гл.3: |ГЛАВА 3|
кн.6 гл.4: |ГЛАВА 4|
кн.6 гл.5: |ГЛАВА 5|
кн.6 гл.6: |ГЛАВА 6|
кн.6 гл.7: |ГЛАВА 7|
кн.6 гл.8: |ГЛАВА 8|
кн.6 гл.9: |ГЛАВА 9|
кн.6 гл.10: |ГЛАВА 10|
кн.6 гл.11: |ГЛАВА 11|
кн.6 гл.12: |ГЛАВА 12|
кн.6 гл.13: |ГЛАВА 13|
кн.6 гл.14: |ГЛАВА 14|
кн.6 гл.15: |ГЛАВА 15|
кн.6 гл.16: |ГЛАВА 16|
кн.6 гл.17: |ГЛАВА 17|
кн.6 гл.18: |ГЛАВА 18|
кн.6 гл.19: |ГЛАВА 19|
кн.6 гл.20: |ГЛАВА 20|
кн.6 гл.21: |ГЛАВА 21|
кн.6 гл.22: |ГЛАВА 22|
кн.6 гл.23: |ГЛАВА 23|
кн.6 гл.24: |ГЛАВА 24|
кн.7: #Книга Съдии Израилеви#
кн.7 гл.1: |ГЛАВА 1|
кн.7 гл.2: |ГЛАВА 2|
кн.7 гл.3: |ГЛАВА 3|
кн.7 гл.4: |ГЛАВА 4|
кн.7 гл.5: |ГЛАВА 5|
кн.7 гл.6: |ГЛАВА 6|
кн.7 гл.7: |ГЛАВА 7|
кн.7 гл.8: |ГЛАВА 8|
кн.7 гл.9: |ГЛАВА 9|
кн.7 гл.10: |ГЛАВА 10|
кн.7 гл.11: |ГЛАВА 11|
кн.7 гл.12: |ГЛАВА 12|
кн.7 гл.13: |ГЛАВА 13|
кн.7 гл.14: |ГЛАВА 14|
кн.7 гл.15: |ГЛАВА 15|
кн.7 гл.16: |ГЛАВА 16|
кн.7 гл.17: |ГЛАВА 17|
кн.7 гл.18: |ГЛАВА 18|
кн.7 гл.19: |ГЛАВА 19|
кн.7 гл.20: |ГЛАВА 20|
кн.7 гл.21: |ГЛАВА 21|
кн.8: #Книга Рут#
кн.8 гл.1: |ГЛАВА 1|
кн.8 гл.2: |ГЛАВА 2|
кн.8 гл.3: |ГЛАВА 3|
кн.8 гл.4: |ГЛАВА 4|
кн.9: #Първа книга Царства# =*(У Евреите: "Първа книга Самуилова")
кн.9 гл.1: |ГЛАВА 1|
кн.9 гл.2: |ГЛАВА 2|
кн.9 гл.3: |ГЛАВА 3|
кн.9 гл.4: |ГЛАВА 4|
кн.9 гл.5: |ГЛАВА 5|
кн.9 гл.6: |ГЛАВА 6|
кн.9 гл.7: |ГЛАВА 7|
кн.9 гл.8: |ГЛАВА 8|
кн.9 гл.9: |ГЛАВА 9|
кн.9 гл.10: |ГЛАВА 10|
кн.9 гл.11: |ГЛАВА 11|
кн.9 гл.12: |ГЛАВА 12|
кн.9 гл.13: |ГЛАВА 13|
кн.9 гл.14: |ГЛАВА 14|
кн.9 гл.15: |ГЛАВА 15|
кн.9 гл.16: |ГЛАВА 16|
кн.9 гл.17: |ГЛАВА 17|
кн.9 гл.18: |ГЛАВА 18|
кн.9 гл.19: |ГЛАВА 19|
кн.9 гл.20: |ГЛАВА 20|
кн.9 гл.21: |ГЛАВА 21|
кн.9 гл.22: |ГЛАВА 22|
кн.9 гл.23: |ГЛАВА 23|
кн.9 гл.24: |ГЛАВА 24|
кн.9 гл.25: |ГЛАВА 25|
кн.9 гл.26: |ГЛАВА 26|
кн.9 гл.27: |ГЛАВА 27|
кн.9 гл.28: |ГЛАВА 28|
кн.9 гл.29: |ГЛАВА 29|
кн.9 гл.30: |ГЛАВА 30|
кн.9 гл.31: |ГЛАВА 31|
кн.10: #Втора книга Царства# =*(У Евреите: "Втора книга Самуилова")
кн.10 гл.1: |ГЛАВА 1|
кн.10 гл.2: |ГЛАВА 2|
кн.10 гл.3: |ГЛАВА 3|
кн.10 гл.4: |ГЛАВА 4|
кн.10 гл.5: |ГЛАВА 5|
кн.10 гл.6: |ГЛАВА 6|
кн.10 гл.7: |ГЛАВА 7|
кн.10 гл.8: |ГЛАВА 8|
кн.10 гл.9: |ГЛАВА 9|
кн.10 гл.10: |ГЛАВА 10|
кн.10 гл.11: |ГЛАВА 11|
кн.10 гл.12: |ГЛАВА 12|
кн.10 гл.13: |ГЛАВА 13|
кн.10 гл.14: |ГЛАВА 14|
кн.10 гл.15: |ГЛАВА 15|
кн.10 гл.16: |ГЛАВА 16|
кн.10 гл.17: |ГЛАВА 17|
кн.10 гл.18: |ГЛАВА 18|
кн.10 гл.19: |ГЛАВА 19|
кн.10 гл.20: |ГЛАВА 20|
кн.10 гл.21: |ГЛАВА 21|
кн.10 гл.22: |ГЛАВА 22|
кн.10 гл.23: |ГЛАВА 23|
кн.10 гл.24: |ГЛАВА 24|
кн.11: #Трета книга Царства# =*(У Евреите: "Първа книга на Царете")
кн.11 гл.1: |ГЛАВА 1|
кн.11 гл.2: |ГЛАВА 2|
кн.11 гл.3: |ГЛАВА 3|
кн.11 гл.4: |ГЛАВА 4|
кн.11 гл.5: |ГЛАВА 5|
кн.11 гл.6: |ГЛАВА 6|
кн.11 гл.7: |ГЛАВА 7|
кн.11 гл.8: |ГЛАВА 8|
кн.11 гл.9: |ГЛАВА 9|
кн.11 гл.10: |ГЛАВА 10|
кн.11 гл.11: |ГЛАВА 11|
кн.11 гл.12: |ГЛАВА 12|
кн.11 гл.13: |ГЛАВА 13|
кн.11 гл.14: |ГЛАВА 14|
кн.11 гл.15: |ГЛАВА 15|
кн.11 гл.16: |ГЛАВА 16|
кн.11 гл.17: |ГЛАВА 17|
кн.11 гл.18: |ГЛАВА 18|
кн.11 гл.19: |ГЛАВА 19|
кн.11 гл.20: |ГЛАВА 20|
кн.11 гл.21: |ГЛАВА 21|
кн.11 гл.22: |ГЛАВА 22|
кн.12: #Четвърта книга Царства# =*(У Евреите: "Втора книга на Царете")
кн.12 гл.1: |ГЛАВА 1|
кн.12 гл.2: |ГЛАВА 2|
кн.12 гл.3: |ГЛАВА 3|
кн.12 гл.4: |ГЛАВА 4|
кн.12 гл.5: |ГЛАВА 5|
кн.12 гл.6: |ГЛАВА 6|
кн.12 гл.7: |ГЛАВА 7|
кн.12 гл.8: |ГЛАВА 8|
кн.12 гл.9: |ГЛАВА 9|
кн.12 гл.10: |ГЛАВА 10|
кн.12 гл.11: |ГЛАВА 11|
кн.12 гл.12: |ГЛАВА 12|
кн.12 гл.13: |ГЛАВА 13|
кн.12 гл.14: |ГЛАВА 14|
кн.12 гл.15: |ГЛАВА 15|
кн.12 гл.16: |ГЛАВА 16|
кн.12 гл.17: |ГЛАВА 17|
кн.12 гл.18: |ГЛАВА 18|
кн.12 гл.19: |ГЛАВА 19|
кн.12 гл.20: |ГЛАВА 20|
кн.12 гл.21: |ГЛАВА 21|
кн.12 гл.22: |ГЛАВА 22|
кн.12 гл.23: |ГЛАВА 23|
кн.12 гл.24: |ГЛАВА 24|
кн.12 гл.25: |ГЛАВА 25|
кн.13: #Първа книга Паралипоменон# =*(У Евреите: "Летописи")
кн.13 гл.1: |ГЛАВА 1|
кн.13 гл.2: |ГЛАВА 2|
кн.13 гл.3: |ГЛАВА 3|
кн.13 гл.4: |ГЛАВА 4|
кн.13 гл.5: |ГЛАВА 5|
кн.13 гл.6: |ГЛАВА 6|
кн.13 гл.7: |ГЛАВА 7|
кн.13 гл.8: |ГЛАВА 8|
кн.13 гл.9: |ГЛАВА 9|
кн.13 гл.10: |ГЛАВА 10|
кн.13 гл.11: |ГЛАВА 11|
кн.13 гл.12: |ГЛАВА 12|
кн.13 гл.13: |ГЛАВА 13|
кн.13 гл.14: |ГЛАВА 14|
кн.13 гл.15: |ГЛАВА 15|
кн.13 гл.16: |ГЛАВА 16|
кн.13 гл.17: |ГЛАВА 17|
кн.13 гл.18: |ГЛАВА 18|
кн.13 гл.19: |ГЛАВА 19|
кн.13 гл.20: |ГЛАВА 20|
кн.13 гл.21: |ГЛАВА 21|
кн.13 гл.22: |ГЛАВА 22|
кн.13 гл.23: |ГЛАВА 23|
кн.13 гл.24: |ГЛАВА 24|
кн.13 гл.25: |ГЛАВА 25|
кн.13 гл.26: |ГЛАВА 26|
кн.13 гл.27: |ГЛАВА 27|
кн.13 гл.28: |ГЛАВА 28|
кн.13 гл.29: |ГЛАВА 29|
кн.14: #Втора книга Паралипоменон# =*(У Евреите: "Летописи")
кн.14 гл.1: |ГЛАВА 1|
кн.14 гл.2: |ГЛАВА 2|
кн.14 гл.3: |ГЛАВА 3|
кн.14 гл.4: |ГЛАВА 4|
кн.14 гл.5: |ГЛАВА 5|
кн.14 гл.6: |ГЛАВА 6|
кн.14 гл.7: |ГЛАВА 7|
кн.14 гл.8: |ГЛАВА 8|
кн.14 гл.9: |ГЛАВА 9|
кн.14 гл.10: |ГЛАВА 10|
кн.14 гл.11: |ГЛАВА 11|
кн.14 гл.12: |ГЛАВА 12|
кн.14 гл.13: |ГЛАВА 13|
кн.14 гл.14: |ГЛАВА 14|
кн.14 гл.15: |ГЛАВА 15|
кн.14 гл.16: |ГЛАВА 16|
кн.14 гл.17: |ГЛАВА 17|
кн.14 гл.18: |ГЛАВА 18|
кн.14 гл.19: |ГЛАВА 19|
кн.14 гл.20: |ГЛАВА 20|
кн.14 гл.21: |ГЛАВА 21|
кн.14 гл.22: |ГЛАВА 22|
кн.14 гл.23: |ГЛАВА 23|
кн.14 гл.24: |ГЛАВА 24|
кн.14 гл.25: |ГЛАВА 25|
кн.14 гл.26: |ГЛАВА 26|
кн.14 гл.27: |ГЛАВА 27|
кн.14 гл.28: |ГЛАВА 28|
кн.14 гл.29: |ГЛАВА 29|
кн.14 гл.30: |ГЛАВА 30|
кн.14 гл.31: |ГЛАВА 31|
кн.14 гл.32: |ГЛАВА 32|
кн.14 гл.33: |ГЛАВА 33|
кн.14 гл.34: |ГЛАВА 34|
кн.14 гл.35: |ГЛАВА 35|
кн.14 гл.36: |ГЛАВА 36|
кн.15: #Първа книга на Ездра#
кн.15 гл.1: |ГЛАВА 1|
кн.15 гл.2: |ГЛАВА 2|
кн.15 гл.3: |ГЛАВА 3|
кн.15 гл.4: |ГЛАВА 4|
кн.15 гл.5: |ГЛАВА 5|
кн.15 гл.6: |ГЛАВА 6|
кн.15 гл.7: |ГЛАВА 7|
кн.15 гл.8: |ГЛАВА 8|
кн.15 гл.9: |ГЛАВА 9|
кн.15 гл.10: |ГЛАВА 10|
кн.16: #Книга на Неемия#
кн.16 гл.1: |ГЛАВА 1|
кн.16 гл.2: |ГЛАВА 2|
кн.16 гл.3: |ГЛАВА 3|
кн.16 гл.4: |ГЛАВА 4|
кн.16 гл.5: |ГЛАВА 5|
кн.16 гл.6: |ГЛАВА 6|
кн.16 гл.7: |ГЛАВА 7|
кн.16 гл.8: |ГЛАВА 8|
кн.16 гл.9: |ГЛАВА 9|
кн.16 гл.10: |ГЛАВА 10|
кн.16 гл.11: |ГЛАВА 11|
кн.16 гл.12: |ГЛАВА 12|
кн.16 гл.13: |ГЛАВА 13|
кн.17: #Втора книга на Ездра#
кн.17 гл.1: |ГЛАВА 1|
кн.17 гл.2: |ГЛАВА 2|
кн.17 гл.3: |ГЛАВА 3|
кн.17 гл.4: |ГЛАВА 4|
кн.17 гл.5: |ГЛАВА 5|
кн.17 гл.6: |ГЛАВА 6|
кн.17 гл.7: |ГЛАВА 7|
кн.17 гл.8: |ГЛАВА 8|
кн.17 гл.9: |ГЛАВА 9|
кн.18: #Книга на Товита# =*(Преведена от гръцки)
кн.18 гл.1: |ГЛАВА 1|
кн.18 гл.2: |ГЛАВА 2|
кн.18 гл.3: |ГЛАВА 3|
кн.18 гл.4: |ГЛАВА 4|
кн.18 гл.5: |ГЛАВА 5|
кн.18 гл.6: |ГЛАВА 6|
кн.18 гл.7: |ГЛАВА 7|
кн.18 гл.8: |ГЛАВА 8|
кн.18 гл.9: |ГЛАВА 9|
кн.18 гл.10: |ГЛАВА 10|
кн.18 гл.11: |ГЛАВА 11|
кн.18 гл.12: |ГЛАВА 12|
кн.18 гл.13: |ГЛАВА 13|
кн.18 гл.14: |ГЛАВА 14|
кн.19: #Книга Иудит# =*(Преведена от гръцки)
кн.19 гл.1: |ГЛАВА 1|
кн.19 гл.2: |ГЛАВА 2|
кн.19 гл.3: |ГЛАВА 3|
кн.19 гл.4: |ГЛАВА 4|
кн.19 гл.5: |ГЛАВА 5|
кн.19 гл.6: |ГЛАВА 6|
кн.19 гл.7: |ГЛАВА 7|
кн.19 гл.8: |ГЛАВА 8|
кн.19 гл.9: |ГЛАВА 9|
кн.19 гл.10: |ГЛАВА 10|
кн.19 гл.11: |ГЛАВА 11|
кн.19 гл.12: |ГЛАВА 12|
кн.19 гл.13: |ГЛАВА 13|
кн.19 гл.14: |ГЛАВА 14|
кн.19 гл.15: |ГЛАВА 15|
кн.19 гл.16: |ГЛАВА 16|
кн.20: #Книга Естир#
кн.20 гл.1: (Във втората година от царуването на Артаксеркса Велики, в първия ден на месец нисан, сън видя Мардохей, син Иаиров, Семеев, Кисеев, от Вениаминово коляно, иудеин, който живееше в град Суза, човек големец, който служеше в царския палат. Той беше от пленниците, които Навуходоносор, цар вавилонски, плени от Иерусалим с иудейския цар Иехония. А сънят му беше такъв: ужасен шум, гръм, трус и смут по земята; и ето, излязоха две големи змии, готови да се бият една с друга; и голям беше техният вой, и по воя им всички народи се приготвиха за война, за да поразят народа на праведните; и ето настана ден на тъмнина и мрак, скръб и притеснение, страдание и голям смут по земята. Смути се целият народ на праведните и, страхувайки се от беди за себе си, се приготвиха да загинат и завикаха към Господа; от виковете им произлезе, като от малък извор, голяма река с много вода; огря светлина и слънце, въздигнаха се смирените и изтребиха пустославните. - Мардохей, като се пробуди след тоя сън, който изображаваше, какво Бог искаше да извърши, задържа тоя сън в сърце и желаеше да го проумее във всичките му части, до другата нощ. Мардохей живееше в палата заедно с двама царски скопци Гавата и Тара, които пазеха палата, и като чу разговорите им и разпита за кроежите им, узна, че те се готвят да турят ръка върху цар Артаксеркса, и обади за тях на царя; а царят разпита тия двама скопци и, след като се признаха, бидоха погубени. Царят записа това събитие за спомен, записа и Мардохей това събитие. И царят заповяда на Мардохея да служи в палата и му даде подаръци за това. Пред царя тогава се беше издигнал Аман, син Амадатов, вугеец; той гледаше да напакости на Мардохея и на народа му поради двамата царски скопци.)
кн.20 гл.2: |ГЛАВА 2|
кн.20 гл.3: |ГЛАВА 3|
кн.20 гл.4: |ГЛАВА 4|
кн.20 гл.5: |ГЛАВА 5|
кн.20 гл.6: |ГЛАВА 6|
кн.20 гл.7: |ГЛАВА 7|
кн.20 гл.8: |ГЛАВА 8|
кн.20 гл.9: |ГЛАВА 9|
кн.20 гл.10: |ГЛАВА 10|
кн.21: #Книга на Иова#
кн.21 гл.1: |ГЛАВА 1|
кн.21 гл.2: |ГЛАВА 2|
кн.21 гл.3: |ГЛАВА 3|
кн.21 гл.4: |ГЛАВА 4|
кн.21 гл.5: |ГЛАВА 5|
кн.21 гл.6: |ГЛАВА 6|
кн.21 гл.7: |ГЛАВА 7|
кн.21 гл.8: |ГЛАВА 8|
кн.21 гл.9: |ГЛАВА 9|
кн.21 гл.10: |ГЛАВА 10|
кн.21 гл.11: |ГЛАВА 11|
кн.21 гл.12: |ГЛАВА 12|
кн.21 гл.13: |ГЛАВА 13|
кн.21 гл.14: |ГЛАВА 14|
кн.21 гл.15: |ГЛАВА 15|
кн.21 гл.16: |ГЛАВА 16|
кн.21 гл.17: |ГЛАВА 17|
кн.21 гл.18: |ГЛАВА 18|
кн.21 гл.19: |ГЛАВА 19|
кн.21 гл.20: |ГЛАВА 20|
кн.21 гл.21: |ГЛАВА 21|
кн.21 гл.22: |ГЛАВА 22|
кн.21 гл.23: |ГЛАВА 23|
кн.21 гл.24: |ГЛАВА 24|
кн.21 гл.25: |ГЛАВА 25|
кн.21 гл.26: |ГЛАВА 26|
кн.21 гл.27: |ГЛАВА 27|
кн.21 гл.28: |ГЛАВА 28|
кн.21 гл.29: |ГЛАВА 29|
кн.21 гл.30: |ГЛАВА 30|
кн.21 гл.31: |ГЛАВА 31|
кн.21 гл.32: |ГЛАВА 32|
кн.21 гл.33: |ГЛАВА 33|
кн.21 гл.34: |ГЛАВА 34|
кн.21 гл.35: |ГЛАВА 35|
кн.21 гл.36: |ГЛАВА 36|
кн.21 гл.37: |ГЛАВА 37|
кн.21 гл.38: |ГЛАВА 38|
кн.21 гл.39: |ГЛАВА 39|
кн.21 гл.40: |ГЛАВА 40|
кн.21 гл.41: |ГЛАВА 41|
кн.21 гл.42: |ГЛАВА 42|
кн.22: #Псалтир# =*(У Евреите: "Книга на Хваленията")
кн.22 гл.1: |ПСАЛОМ 01| Псалом Давидов.
кн.22 гл.2: |ПСАЛОМ 02| Псалом Давидов.
кн.22 гл.3: |ПСАЛОМ 03| Псалом на Давида, когато бягаше от сина си Авесалома.
кн.22 гл.4: |ПСАЛОМ 04| Началнику на хора. На струнни свирала. Псалом Давидов.
кн.22 гл.5: |ПСАЛОМ 05| Началнику на хора. На надуйни свирала. Псалом Давидов.
кн.22 гл.6: |ПСАЛОМ 06| Началнику на хора. На осмострунно свирало. Псалом Давидов.
кн.22 гл.7: |ПСАЛОМ 07| Плачевна песен, която Давид изпя Господу по делото на Хуса, от Вениаминово коляно.
кн.22 гл.8: |ПСАЛОМ 08| Началнику на хора. На гетско свирало. Псалом Давидов.
кн.22 гл.9: |ПСАЛОМ 09| Началнику на хора. След смъртта на Лабена. Псалом Давидов.
кн.22 гл.10: |ПСАЛОМ 10| Началнику на хора. Псалом Давидов.
кн.22 гл.11: |ПСАЛОМ 11| Началнику на хора. На осмострунно. Псалом Давидов.
кн.22 гл.12: |ПСАЛОМ 12| Началнику на хора. Псалом Давидов.
кн.22 гл.13: |ПСАЛОМ 13| Началнику на хора. Псалом Давидов.
кн.22 гл.14: |ПСАЛОМ 14| Псалом Давидов.
кн.22 гл.15: |ПСАЛОМ 15| Давидова песен.
кн.22 гл.16: |ПСАЛОМ 16| Молитва Давидова.
кн.22 гл.17: |ПСАЛОМ 17| Началнику на хора. Псалом на Давида, раб Господен, който произнесе към Господа думите на тая песен, когато Господ го избави от ръцете на всичките му врагове и от ръката на Саула. И той каза:
кн.22 гл.18: |ПСАЛОМ 18| Началнику на хора. Псалом Давидов.
кн.22 гл.19: |ПСАЛОМ 19| Началнику на хора. Псалом Давидов.
кн.22 гл.20: |ПСАЛОМ 20| Началнику на хора. Псалом Давидов.
кн.22 гл.21: |ПСАЛОМ 21| Началнику на хора. Кога се зора сипва. Псалом Давидов.
кн.22 гл.22: |ПСАЛОМ 22| Псалом Давидов.
кн.22 гл.23: |ПСАЛОМ 23| Псалом Давидов. (В първия ден на седмицата.)
кн.22 гл.24: |ПСАЛОМ 24| Псалом Давидов.
кн.22 гл.25: |ПСАЛОМ 25| Псалом Давидов.
кн.22 гл.26: |ПСАЛОМ 26| Псалом Давидов. (Преди помазването.)
кн.22 гл.27: |ПСАЛОМ 27| Псалом Давидов.
кн.22 гл.28: |ПСАЛОМ 28| Псалом Давидов. (Кога се завършва празник Шатри.)
кн.22 гл.29: |ПСАЛОМ 29| Псалом Давидов; песен при обновяване дома.
кн.22 гл.30: |ПСАЛОМ 30| Началнику на хора. Псалом Давидов. (В размирно време.)
кн.22 гл.31: |ПСАЛОМ 31| Псалом Давидов. Учение.
кн.22 гл.32: |ПСАЛОМ 32| (Псалом Давидов)
кн.22 гл.33: |ПСАЛОМ 33| Псалом на Давида, когато той се бе престорил на безумен пред Авимелеха, биде изгонен от него и си отиде.
кн.22 гл.34: |ПСАЛОМ 34| Псалом Давидов.
кн.22 гл.35: |ПСАЛОМ 35| Началнику на хора. Псалом на Давида, раб Господен.
кн.22 гл.36: |ПСАЛОМ 36| Псалом Давидов.
кн.22 гл.37: |ПСАЛОМ 37| Псалом Давидов. В спомен (за съботата).
кн.22 гл.38: |ПСАЛОМ 38| Началнику на хора, Идитуму. Псалом Давидов.
кн.22 гл.39: |ПСАЛОМ 39| Началнику на хора. Псалом Давидов.
кн.22 гл.40: |ПСАЛОМ 40| Началнику на хора. Псалом Давидов.
кн.22 гл.41: |ПСАЛОМ 41| Началнику на хора. Учение. От Кореевите синове.
кн.22 гл.42: |ПСАЛОМ 42|
кн.22 гл.43: |ПСАЛОМ 43| Началнику на хора. Учение. От Кореевите синове.
кн.22 гл.44: |ПСАЛОМ 44| Началнику на хора. На свирало Шошан. Учение. От Кореевите синове. Песен на любовта.
кн.22 гл.45: |ПСАЛОМ 45| Началнику на хора. От Кореевите синове. На свирало Аламот. Песен.
кн.22 гл.46: |ПСАЛОМ 46| Началнику на хора. От Кореевите синове. Псалом.
кн.22 гл.47: |ПСАЛОМ 47| Песен. Псалом. От Кореевите синове.
кн.22 гл.48: |ПСАЛОМ 48| Началнику на хора. От Кореевите синове. Псалом.
кн.22 гл.49: |ПСАЛОМ 49| Псалом на Асафа.
кн.22 гл.50: |ПСАЛОМ 50|
кн.22 гл.51: |ПСАЛОМ 51| Началнику на хора. Учение Давидово,
кн.22 гл.52: |ПСАЛОМ 52| Началнику на хора. На надуйно свирало. Учение Давидово
кн.22 гл.53: |ПСАЛОМ 53| Началнику на хора. На струнни свирала. Учение Давидово,
кн.22 гл.54: |ПСАЛОМ 54| Началнику на хора. На струнни свирала. Учение Давидово.
кн.22 гл.55: |ПСАЛОМ 55| Началнику на хора. За гълъбицата, занемяла в отдалечение. Творение от Давида, когато филистимци го бяха хванали в Гет.
кн.22 гл.56: |ПСАЛОМ 56| Началнику на хора. Не погубвай. Творение от Давида, когато избяга от Саула в пещерата.
кн.22 гл.57: |ПСАЛОМ 57| Началнику на хора. Не погубвай. Творение Давидово.
кн.22 гл.58: |ПСАЛОМ 58| Началнику на хора. Не погубвай. Творение от Давида, когато Саул прати да пазят около къщата му, за да го убие.
кн.22 гл.59: |ПСАЛОМ 59|
кн.22 гл.60: |ПСАЛОМ 60| Началнику на хора. На струнно свирало. Псалом Давидов.
кн.22 гл.61: Само в Бога се успокоява душата ми: от Него е моето спасение.
кн.22 гл.62: |ПСАЛОМ 62| Псалом на Давида, когато беше в Иудейската пустиня.
кн.22 гл.63: |ПСАЛОМ 63| Началнику на хора. Псалом Давидов.
кн.22 гл.64: |ПСАЛОМ 64| Началнику на хора. Псалом Давидов за пеене.
кн.22 гл.65: |ПСАЛОМ 65| Началнику на хора. Песен.
кн.22 гл.66: |ПСАЛОМ 66| Началнику на хора. На струнни свирала. Псалом. Песен.
кн.22 гл.67: |ПСАЛОМ 67| Началнику на хора. Псалом Давидов. Песен.
кн.22 гл.68: |ПСАЛОМ 68| Началнику на хора. На свирало Шошаним. Псалом Давидов.
кн.22 гл.69: |ПСАЛОМ 69| Началнику на хора. Псалом Давидов. За спомен.
кн.22 гл.70: |ПСАЛОМ 70|
кн.22 гл.71: |ПСАЛОМ 71| За Соломона. (Псалом Давидов.)
кн.22 гл.72: |ПСАЛОМ 72| Псалом Асафов.
кн.22 гл.73: |ПСАЛОМ 73| Учение Асафово.
кн.22 гл.74: |ПСАЛОМ 74| Началнику на хора. Не погубвай. Псалом Асафов. Песен.
кн.22 гл.75: |ПСАЛОМ 75| Началнику на хора. На струнни свирала. Псалом Асафов. Песен.
кн.22 гл.76: |ПСАЛОМ 76| Началнику на хора Идитумов. Псалом Асафов.
кн.22 гл.77: |ПСАЛОМ 77| Учение Асафово.
кн.22 гл.78: |ПСАЛОМ 78| Псалом Асафов.
кн.22 гл.79: |ПСАЛОМ 79| Началнику на хора. На свирало Шошаним-Едут. Псалом Асафов.
кн.22 гл.80: |ПСАЛОМ 80| Началнику на хора. На гетско свирало. Псалом Асафов.
кн.22 гл.81: |ПСАЛОМ 81| Псалом Асафов.
кн.22 гл.82: |ПСАЛОМ 82| Песен. Псалом Асафов.
кн.22 гл.83: |ПСАЛОМ 83| Началнику на хора. На гетско свирало. От Кореевите синове. Псалом.
кн.22 гл.84: |ПСАЛОМ 84| Началнику на хора. От Кореевите синове. Псалом.
кн.22 гл.85: |ПСАЛОМ 85| Молитва Давидова.
кн.22 гл.86: |ПСАЛОМ 86| От Кореевите синове. Псалом. Песен.
кн.22 гл.87: |ПСАЛОМ 87| Песен. Псалом. От Кореевите синове. Началнику на хора на Махалат, за пеене. Учение на Емана Езрахита.
кн.22 гл.88: |ПСАЛОМ 88| Учение на Етама Езрахита.
кн.22 гл.89: |ПСАЛОМ 89| Молитва на човека Божий Моисея.
кн.22 гл.90: |ПСАЛОМ 90| (Хвалебна песен Давидова.)
кн.22 гл.91: |ПСАЛОМ 91| Псалом. Песен за съботния ден.
кн.22 гл.92: |ПСАЛОМ 92| (Хвалебна песен Давидова. В предсъботния ден, когато се насели земята.)
кн.22 гл.93: |ПСАЛОМ 93| (Псалом Давидов, за четвъртия ден на седмицата.)
кн.22 гл.94: |ПСАЛОМ 94| (Хвалебна песен Давидова.)
кн.22 гл.95: |ПСАЛОМ 95| (Хвалебна песен Давидова. При съграждане дома Господен.)
кн.22 гл.96: |ПСАЛОМ 96| (Псалом от Давида, когато се уреждаше земята му.)
кн.22 гл.97: |ПСАЛОМ 97| Псалом (Давидов).
кн.22 гл.98: |ПСАЛОМ 98| (Псалом Давидов.)
кн.22 гл.99: |ПСАЛОМ 99| Хвалебен псалом (Давидов).
кн.22 гл.100: |ПСАЛОМ 1 0| Псалом Давидов.
кн.22 гл.101: |ПСАЛОМ 101| Молитва на страдалец, кога унива и излива пред Господа скръбтта си.
кн.22 гл.102: |ПСАЛОМ 102| Псалом Давидов.
кн.22 гл.103: |ПСАЛОМ 103| (Псалом Давидов за сътворението на света.)
кн.22 гл.104: |ПСАЛОМ 104|
кн.22 гл.105: |ПСАЛОМ 105| Алилуия.
кн.22 гл.106: |ПСАЛОМ 106| (Алилуия.)
кн.22 гл.107: |ПСАЛОМ 107| Песен. Псалом Давидов.
кн.22 гл.108: |ПСАЛОМ 108| Началнику на хора. Псалом Давидов.
кн.22 гл.109: |ПСАЛОМ 109| Псалом Давидов.
кн.22 гл.110: |ПСАЛОМ 110| Алилуия.
кн.22 гл.111: |ПСАЛОМ 111| Алилуия.
кн.22 гл.112: |ПСАЛОМ 112| Алилуия.
кн.22 гл.113: |ПСАЛОМ 113| (Алилуия.)
кн.22 гл.114: |ПСАЛОМ 114| (Алилуия.)
кн.22 гл.115: |ПСАЛОМ 115| (Алилуия.)
кн.22 гл.116: |ПСАЛОМ 116| (Алилуия.)
кн.22 гл.117: |ПСАЛОМ 117| (Алилуия.)
кн.22 гл.118: |ПСАЛОМ 118| (Алилуия.)
кн.22 гл.119: |ПСАЛОМ 119| Песен на възлизане.
кн.22 гл.120: |ПСАЛОМ 120| Песен на възлизане.
кн.22 гл.121: |ПСАЛОМ 121| Песен на възлизане. Давидова.
кн.22 гл.122: |ПСАЛОМ 122| Песен на възлизане.
кн.22 гл.123: |ПСАЛОМ 123| Песен на възлизане. Давидова.
кн.22 гл.124: |ПСАЛОМ 124| Песен на възлизане.
кн.22 гл.125: |ПСАЛОМ 125| Песен на възлизане.
кн.22 гл.126: |ПСАЛОМ 126| Песен на възлизане. Соломонова.
кн.22 гл.127: |ПСАЛОМ 127| Песен на възлизане.
кн.22 гл.128: |ПСАЛОМ 128| Песен на възлизане.
кн.22 гл.129: |ПСАЛОМ 129| Песен на възлизане.
кн.22 гл.130: |ПСАЛОМ 130| Песен на възлизане. Давидова.
кн.22 гл.131: |ПСАЛОМ 131| Песен на възлизане.
кн.22 гл.132: |ПСАЛОМ 132| Песен на възлизане. Давидова.
кн.22 гл.133: |ПСАЛОМ 133| Песен на възлизане.
кн.22 гл.134: |ПСАЛОМ 134| Алилуия.
кн.22 гл.135: |ПСАЛОМ 135| (Алилуия.)
кн.22 гл.136: |ПСАЛОМ 136|
кн.22 гл.137: |ПСАЛОМ 137| (Давидов)
кн.22 гл.138: |ПСАЛОМ 138| Началнику на хора. Псалом Давидов.
кн.22 гл.139: |ПСАЛОМ 139| Псалом. Началнику на хора. Псалом Давидов.
кн.22 гл.140: |ПСАЛОМ 140| Псалом Давидов.
кн.22 гл.141: |ПСАЛОМ 141| Учение на Давида. Неговата молитва, когато беше в пещерата.
кн.22 гл.142: |ПСАЛОМ 142| Псалом от Давида (когато беше преследван от сина си Авесалома).
кн.22 гл.143: |ПСАЛОМ 143| От Давида (против Голиата).
кн.22 гл.144: |ПСАЛОМ 144| (Давидова хвала.)
кн.22 гл.145: |ПСАЛОМ 145| (Алилуия.)
кн.22 гл.146: |ПСАЛОМ 146| (Алилуия.)
кн.22 гл.147: |ПСАЛОМ 147| (Алилуия.)
кн.22 гл.148: |ПСАЛОМ 148| (Алилуия.)
кн.22 гл.149: |ПСАЛОМ 149| (Алилуия.)
кн.22 гл.150: |ПСАЛОМ 150| (Алилуия.)
кн.22 гл.151: |ПСАЛОМ 151| Псалом Давидов, на едноборството с Голиата=*(У Евреите няма този псалом; той е преведен от гръцки.)
кн.23: #Книга притчи Соломонови#
кн.23 гл.1: |ГЛАВА 1|
кн.23 гл.2: |ГЛАВА 2|
кн.23 гл.3: |ГЛАВА 3|
кн.23 гл.4: |ГЛАВА 4|
кн.23 гл.5: |ГЛАВА 5|
кн.23 гл.6: |ГЛАВА 6|
кн.23 гл.7: |ГЛАВА 7|
кн.23 гл.8: |ГЛАВА 8|
кн.23 гл.9: |ГЛАВА 9|
кн.23 гл.10: |ГЛАВА 10| Притчи Соломонови.
кн.23 гл.11: |ГЛАВА 11|
кн.23 гл.12: |ГЛАВА 12|
кн.23 гл.13: |ГЛАВА 13|
кн.23 гл.14: |ГЛАВА 14|
кн.23 гл.15: |ГЛАВА 15|
кн.23 гл.16: |ГЛАВА 16|
кн.23 гл.17: |ГЛАВА 17|
кн.23 гл.18: |ГЛАВА 18|
кн.23 гл.19: |ГЛАВА 19|
кн.23 гл.20: |ГЛАВА 20|
кн.23 гл.21: |ГЛАВА 21|
кн.23 гл.22: |ГЛАВА 22|
кн.23 гл.23: |ГЛАВА 23|
кн.23 гл.24: |ГЛАВА 24|
кн.23 гл.25: |ГЛАВА 25| И това са притчи Соломонови, които ги събраха човеците на иудейския цар Езекия.
кн.23 гл.26: |ГЛАВА 26|
кн.23 гл.27: |ГЛАВА 27|
кн.23 гл.28: |ГЛАВА 28|
кн.23 гл.29: |ГЛАВА 29|
кн.23 гл.30: |ГЛАВА 30| Думи на Иакеевия син Агура. Вдъхновени изречения, които тоя човек е казал на Итиила, на Итиила и Укала:
кн.23 гл.31: |ГЛАВА 31| Думи на цар Лемуила. Поука, с която го е поучила майка му:
кн.24: #Книга на Еклисиаста или Проповедника#
кн.24 гл.1: |ГЛАВА 1|
кн.24 гл.2: |ГЛАВА 2|
кн.24 гл.3: |ГЛАВА 3|
кн.24 гл.4: |ГЛАВА 4|
кн.24 гл.5: |ГЛАВА 5|
кн.24 гл.6: |ГЛАВА 6|
кн.24 гл.7: |ГЛАВА 7|
кн.24 гл.8: |ГЛАВА 8|
кн.24 гл.9: |ГЛАВА 9|
кн.24 гл.10: |ГЛАВА 10|
кн.24 гл.11: |ГЛАВА 11|
кн.24 гл.12: |ГЛАВА 12|
кн.25: #Книга песен на песните, от Соломона#
кн.25 гл.1: |ГЛАВА 1|
кн.25 гл.2: |ГЛАВА 2|
кн.25 гл.3: |ГЛАВА 3|
кн.25 гл.4: |ГЛАВА 4|
кн.25 гл.5: |ГЛАВА 5|
кн.25 гл.6: |ГЛАВА 6|
кн.25 гл.7: |ГЛАВА 7|
кн.25 гл.8: |ГЛАВА 8|
кн.26: #Книга премъдрост Соломонова# *(преведена от гръцки)
кн.26 гл.1: |ГЛАВА 1|
кн.26 гл.2: |ГЛАВА 2|
кн.26 гл.3: |ГЛАВА 3|
кн.26 гл.4: |ГЛАВА 4|
кн.26 гл.5: |ГЛАВА 5|
кн.26 гл.6: |ГЛАВА 6|
кн.26 гл.7: |ГЛАВА 7|
кн.26 гл.8: |ГЛАВА 8|
кн.26 гл.9: |ГЛАВА 9|
кн.26 гл.10: |ГЛАВА 10|
кн.26 гл.11: |ГЛАВА 11|
кн.26 гл.12: |ГЛАВА 12|
кн.26 гл.13: |ГЛАВА 13|
кн.26 гл.14: |ГЛАВА 14|
кн.26 гл.15: |ГЛАВА 15|
кн.26 гл.16: |ГЛАВА 16|
кн.26 гл.17: |ГЛАВА 17|
кн.26 гл.18: |ГЛАВА 18|
кн.26 гл.19: |ГЛАВА 19|
кн.27: #Книга премъдрост на Иисуса, син Сирахов# =*(преведена от гръцки)
кн.27 гл.1: |ПРЕДИСЛОВИЕ|= Много и велики неща са ми предадени чрез Закона, Пророците и последвалите ги други Писания. Заради знанието и мъдростта в тях трябва да възхваляваме Израиля. Ония, които ще могат да ги четат, не трябва да остават само за себе си образовани. Като проявяват любознателност, те трябва да бъдат полезни със слово и писание и за ония, които са в чужбина. Моят дядо Иисус се отдавал твърде много в четене Закона, Пророците и други отечески книги. След като добил достатъчно опитност чрез тях, решил и сам да напише нещо за това, което се отнася до образованието и мъдростта, та ученолюбивите, усвоили тия неща, да могат все повече да напредват в живота според закона. Моля ви да ги четете благосклонно и внимателно, а също и да бъдете снизходителни, ако някъде би изглеждало, че не сме могли да се справим при превода на изразите, трудолюбиво съставени от други. Защото казаното на еврейски няма съвсем същата сила, когато е преведено на друг език. И не само тази книга, но и самият Закон, Пророците и останалите свещени книги имат немалко различие при четенето им в първообраза. В тридесет и осмата година от царуването на Птоломей Евергет пристигнах в Египет и дълго време останах там. Намерих голямо различие в образованието. Сметнах, че е твърде необходимо и сам да прибавя известно старание и трудолюбие, за да преведа споменатата по-горе книга. Приложих голямо бодърствуване и умение в продължение на дълго време, за да доведа докрай издаването на книгата за онези преселници, които желаят да бъдат ученолюбиви и да си подготвят нравите тъй, че да живеят в съгласие със закона. *=*(Това предисловие е към гръцкия превод на 70-те. Съдържа се и в Славянската библия.)=|ГЛАВА 1|
кн.27 гл.2: |ГЛАВА 2|
кн.27 гл.3: |ГЛАВА 3|
кн.27 гл.4: |ГЛАВА 4|
кн.27 гл.5: |ГЛАВА 5|
кн.27 гл.6: |ГЛАВА 6|
кн.27 гл.7: |ГЛАВА 7|
кн.27 гл.8: |ГЛАВА 8|
кн.27 гл.9: |ГЛАВА 9|
кн.27 гл.10: |ГЛАВА 10|
кн.27 гл.11: |ГЛАВА 11|
кн.27 гл.12: |ГЛАВА 12|
кн.27 гл.13: |ГЛАВА 13|
кн.27 гл.14: |ГЛАВА 14|
кн.27 гл.15: |ГЛАВА 15|
кн.27 гл.16: |ГЛАВА 16|
кн.27 гл.17: |ГЛАВА 17|
кн.27 гл.18: |ГЛАВА 18|
кн.27 гл.19: |ГЛАВА 19|
кн.27 гл.20: |ГЛАВА 20|
кн.27 гл.21: |ГЛАВА 21|
кн.27 гл.22: |ГЛАВА 22|
кн.27 гл.23: |ГЛАВА 23|
кн.27 гл.24: |ГЛАВА 24|
кн.27 гл.25: |ГЛАВА 25|
кн.27 гл.26: |ГЛАВА 26|
кн.27 гл.27: |ГЛАВА 27|
кн.27 гл.28: |ГЛАВА 28|
кн.27 гл.29: |ГЛАВА 29|
кн.27 гл.30: |ГЛАВА 30|
кн.27 гл.31: |ГЛАВА 31|
кн.27 гл.32: |ГЛАВА 32|
кн.27 гл.33: |ГЛАВА 33|
кн.27 гл.34: |ГЛАВА 34|
кн.27 гл.35: |ГЛАВА 35|
кн.27 гл.36: |ГЛАВА 36|
кн.27 гл.37: |ГЛАВА 37|
кн.27 гл.38: |ГЛАВА 38|
кн.27 гл.39: |ГЛАВА 39|
кн.27 гл.40: |ГЛАВА 40|
кн.27 гл.41: |ГЛАВА 41|
кн.27 гл.42: |ГЛАВА 42|
кн.27 гл.43: |ГЛАВА 43|
кн.27 гл.44: |ГЛАВА 44|
кн.27 гл.45: |ГЛАВА 45|
кн.27 гл.46: |ГЛАВА 46|
кн.27 гл.47: |ГЛАВА 47|
кн.27 гл.48: |ГЛАВА 48|
кн.27 гл.49: |ГЛАВА 49|
кн.27 гл.50: |ГЛАВА 50|
кн.27 гл.51: |ГЛАВА 51| Молитва на Иисуса, син Сирахов.
кн.28: #КНИГА НА ПРОРОК ИСАИЯ#
кн.28 гл.1: |ГЛАВА 1|
кн.28 гл.2: |ГЛАВА 2|
кн.28 гл.3: |ГЛАВА 3|
кн.28 гл.4: |ГЛАВА 4|
кн.28 гл.5: |ГЛАВА 5|
кн.28 гл.6: |ГЛАВА 6|
кн.28 гл.7: |ГЛАВА 7|
кн.28 гл.8: |ГЛАВА 8|
кн.28 гл.9: |ГЛАВА 9|
кн.28 гл.10: |ГЛАВА 10|
кн.28 гл.11: |ГЛАВА 11|
кн.28 гл.12: |ГЛАВА 12|
кн.28 гл.13: |ГЛАВА 13|
кн.28 гл.14: |ГЛАВА 14|
кн.28 гл.15: |ГЛАВА 15|
кн.28 гл.16: |ГЛАВА 16|
кн.28 гл.17: |ГЛАВА 17|
кн.28 гл.18: |ГЛАВА 18|
кн.28 гл.19: |ГЛАВА 19|
кн.28 гл.20: |ГЛАВА 20|
кн.28 гл.21: |ГЛАВА 21|
кн.28 гл.22: |ГЛАВА 22|
кн.28 гл.23: |ГЛАВА 23|
кн.28 гл.24: |ГЛАВА 24|
кн.28 гл.25: |ГЛАВА 25|
кн.28 гл.26: |ГЛАВА 26|
кн.28 гл.27: |ГЛАВА 27|
кн.28 гл.28: |ГЛАВА 28|
кн.28 гл.29: |ГЛАВА 29|
кн.28 гл.30: |ГЛАВА 30|
кн.28 гл.31: |ГЛАВА 31|
кн.28 гл.32: |ГЛАВА 32|
кн.28 гл.33: |ГЛАВА 33|
кн.28 гл.34: |ГЛАВА 34|
кн.28 гл.35: |ГЛАВА 35|
кн.28 гл.36: |ГЛАВА 36|
кн.28 гл.37: |ГЛАВА 37|
кн.28 гл.38: |ГЛАВА 38|
кн.28 гл.39: |ГЛАВА 39|
кн.28 гл.40: |ГЛАВА 40|
кн.28 гл.41: |ГЛАВА 41|
кн.28 гл.42: |ГЛАВА 42|
кн.28 гл.43: |ГЛАВА 43|
кн.28 гл.44: |ГЛАВА 44|
кн.28 гл.45: |ГЛАВА 45|
кн.28 гл.46: |ГЛАВА 46|
кн.28 гл.47: |ГЛАВА 47|
кн.28 гл.48: |ГЛАВА 48|
кн.28 гл.49: |ГЛАВА 49|
кн.28 гл.50: |ГЛАВА 50|
кн.28 гл.51: |ГЛАВА 51|
кн.28 гл.52: |ГЛАВА 52|
кн.28 гл.53: |ГЛАВА 53|
кн.28 гл.54: |ГЛАВА 54|
кн.28 гл.55: |ГЛАВА 55|
кн.28 гл.56: |ГЛАВА 56|
кн.28 гл.57: |ГЛАВА 57|
кн.28 гл.58: |ГЛАВА 58|
кн.28 гл.59: |ГЛАВА 59|
кн.28 гл.60: |ГЛАВА 60|
кн.28 гл.61: |ГЛАВА 61|
кн.28 гл.62: |ГЛАВА 62|
кн.28 гл.63: |ГЛАВА 63|
кн.28 гл.64: |ГЛАВА 64|
кн.28 гл.65: |ГЛАВА 65|
кн.28 гл.66: |ГЛАВА 66|
кн.29: #КНИГА НА ПРОРОК ИЕРЕМИЯ#
кн.29 гл.1: |ГЛАВА 1|
кн.29 гл.2: |ГЛАВА 2|
кн.29 гл.3: |ГЛАВА 3|
кн.29 гл.4: |ГЛАВА 4|
кн.29 гл.5: |ГЛАВА 5|
кн.29 гл.6: |ГЛАВА 6|
кн.29 гл.7: |ГЛАВА 7|
кн.29 гл.8: |ГЛАВА 8|
кн.29 гл.9: |ГЛАВА 9|
кн.29 гл.10: |ГЛАВА 10|
кн.29 гл.11: |ГЛАВА 11|
кн.29 гл.12: |ГЛАВА 12|
кн.29 гл.13: |ГЛАВА 13|
кн.29 гл.14: |ГЛАВА 14|
кн.29 гл.15: |ГЛАВА 15|
кн.29 гл.16: |ГЛАВА 16|
кн.29 гл.17: |ГЛАВА 17|
кн.29 гл.18: |ГЛАВА 18|
кн.29 гл.19: |ГЛАВА 19|
кн.29 гл.20: |ГЛАВА 20|
кн.29 гл.21: |ГЛАВА 21|
кн.29 гл.22: |ГЛАВА 22|
кн.29 гл.23: |ГЛАВА 23|
кн.29 гл.24: |ГЛАВА 24|
кн.29 гл.25: |ГЛАВА 25|
кн.29 гл.26: |ГЛАВА 26|
кн.29 гл.27: |ГЛАВА 27|
кн.29 гл.28: |ГЛАВА 28|
кн.29 гл.29: |ГЛАВА 29|
кн.29 гл.30: |ГЛАВА 30|
кн.29 гл.31: |ГЛАВА 31|
кн.29 гл.32: |ГЛАВА 32|
кн.29 гл.33: |ГЛАВА 33|
кн.29 гл.34: |ГЛАВА 34|
кн.29 гл.35: |ГЛАВА 35|
кн.29 гл.36: |ГЛАВА 36|
кн.29 гл.37: |ГЛАВА 37|
кн.29 гл.38: |ГЛАВА 38|
кн.29 гл.39: |ГЛАВА 39|
кн.29 гл.40: |ГЛАВА 40|
кн.29 гл.41: |ГЛАВА 41|
кн.29 гл.42: |ГЛАВА 42|
кн.29 гл.43: |ГЛАВА 43|
кн.29 гл.44: |ГЛАВА 44|
кн.29 гл.45: |ГЛАВА 45|
кн.29 гл.46: |ГЛАВА 46|
кн.29 гл.47: |ГЛАВА 47|
кн.29 гл.48: |ГЛАВА 48|
кн.29 гл.49: |ГЛАВА 49|
кн.29 гл.50: |ГЛАВА 50|
кн.29 гл.51: |ГЛАВА 51|
кн.29 гл.52: |ГЛАВА 52|
кн.30: #КНИГА ПЛАЧ ИЕРЕМИЕВ#
кн.30 гл.1: |ГЛАВА 1|
кн.30 гл.2: |ГЛАВА 2|
кн.30 гл.3: |ГЛАВА 3|
кн.30 гл.4: |ГЛАВА 4|
кн.30 гл.5: |ГЛАВА 5|
кн.31: #ПОСЛАНИЕ НА ИЕРЕМИЯ# =*(преведено от гръцки)
кн.31 гл.1: ||
кн.32: #КНИГА НА ПРОРОК ВАРУХА# =*(преведена от гръцки)
кн.32 гл.1: |ГЛАВА 1|
кн.32 гл.2: |ГЛАВА 2|
кн.32 гл.3: |ГЛАВА 3|
кн.32 гл.4: |ГЛАВА 4|
кн.32 гл.5: |ГЛАВА 5|
кн.33: #КНИГА НА ПРОРОК ИЕЗЕКИИЛЯ#
кн.33 гл.1: |ГЛАВА 1|
кн.33 гл.2: |ГЛАВА 2|
кн.33 гл.3: |ГЛАВА 3|
кн.33 гл.4: |ГЛАВА 4|
кн.33 гл.5: |ГЛАВА 5|
кн.33 гл.6: |ГЛАВА 6|
кн.33 гл.7: |ГЛАВА 7|
кн.33 гл.8: |ГЛАВА 8|
кн.33 гл.9: |ГЛАВА 9|
кн.33 гл.10: |ГЛАВА 10|
кн.33 гл.11: |ГЛАВА 11|
кн.33 гл.12: |ГЛАВА 12|
кн.33 гл.13: |ГЛАВА 13|
кн.33 гл.14: |ГЛАВА 14|
кн.33 гл.15: |ГЛАВА 15|
кн.33 гл.16: |ГЛАВА 16|
кн.33 гл.17: |ГЛАВА 17|
кн.33 гл.18: |ГЛАВА 18|
кн.33 гл.19: |ГЛАВА 19|
кн.33 гл.20: |ГЛАВА 20|
кн.33 гл.21: |ГЛАВА 21|
кн.33 гл.22: |ГЛАВА 22|
кн.33 гл.23: |ГЛАВА 23|
кн.33 гл.24: |ГЛАВА 24|
кн.33 гл.25: |ГЛАВА 25|
кн.33 гл.26: |ГЛАВА 26|
кн.33 гл.27: |ГЛАВА 27|
кн.33 гл.28: |ГЛАВА 28|
кн.33 гл.29: |ГЛАВА 29|
кн.33 гл.30: |ГЛАВА 30|
кн.33 гл.31: |ГЛАВА 31|
кн.33 гл.32: |ГЛАВА 32|
кн.33 гл.33: |ГЛАВА 33|
кн.33 гл.34: |ГЛАВА 34|
кн.33 гл.35: |ГЛАВА 35|
кн.33 гл.36: |ГЛАВА 36|
кн.33 гл.37: |ГЛАВА 37|
кн.33 гл.38: |ГЛАВА 38|
кн.33 гл.39: |ГЛАВА 39|
кн.33 гл.40: |ГЛАВА 40|
кн.33 гл.41: |ГЛАВА 41|
кн.33 гл.42: |ГЛАВА 42|
кн.33 гл.43: |ГЛАВА 43|
кн.33 гл.44: |ГЛАВА 44|
кн.33 гл.45: |ГЛАВА 45|
кн.33 гл.46: |ГЛАВА 46|
кн.33 гл.47: |ГЛАВА 47|
кн.33 гл.48: |ГЛАВА 48|
кн.34: #КНИГА НА ПРОРОК ДАНИИЛА#
кн.34 гл.1: |ГЛАВА 1|
кн.34 гл.2: |ГЛАВА 2|
кн.34 гл.3: |ГЛАВА 3|
кн.34 гл.4: |ГЛАВА 4|
кн.34 гл.5: |ГЛАВА 5|
кн.34 гл.6: |ГЛАВА 6|
кн.34 гл.7: |ГЛАВА 7|
кн.34 гл.8: |ГЛАВА 8|
кн.34 гл.9: |ГЛАВА 9|
кн.34 гл.10: |ГЛАВА 10|
кн.34 гл.11: |ГЛАВА 11|
кн.34 гл.12: |ГЛАВА 12|
кн.34 гл.13: |ГЛАВА 13| =*(13 и 14 глави са преведени от гръцки)
кн.34 гл.14: |ГЛАВА 14|
кн.35: #КНИГА НА ПРОРОК ОСИЯ#
кн.35 гл.1: |ГЛАВА 1|
кн.35 гл.2: |ГЛАВА 2|
кн.35 гл.3: |ГЛАВА 3|
кн.35 гл.4: |ГЛАВА 4|
кн.35 гл.5: |ГЛАВА 5|
кн.35 гл.6: |ГЛАВА 6|
кн.35 гл.7: |ГЛАВА 7|
кн.35 гл.8: |ГЛАВА 8|
кн.35 гл.9: |ГЛАВА 9|
кн.35 гл.10: |ГЛАВА 10|
кн.35 гл.11: |ГЛАВА 11|
кн.35 гл.12: |ГЛАВА 12|
кн.35 гл.13: |ГЛАВА 13|
кн.35 гл.14: |ГЛАВА 14|
кн.36: #КНИГА НА ПРОРОК ИОИЛЯ#
кн.36 гл.1: |ГЛАВА 1|
кн.36 гл.2: |ГЛАВА 2|
кн.36 гл.3: |ГЛАВА 3|
кн.37: #КНИГА НА ПРОРОК АМОСА#
кн.37 гл.1: |ГЛАВА 1|
кн.37 гл.2: |ГЛАВА 2|
кн.37 гл.3: |ГЛАВА 3|
кн.37 гл.4: |ГЛАВА 4|
кн.37 гл.5: |ГЛАВА 5|
кн.37 гл.6: |ГЛАВА 6|
кн.37 гл.7: |ГЛАВА 7|
кн.37 гл.8: |ГЛАВА 8|
кн.37 гл.9: |ГЛАВА 9|
кн.38: #КНИГА НА ПРОРОК АВДИ`Й#
кн.38 гл.1: |ГЛАВА 1|
кн.39: #КНИГА НА ПРОРОК ИОНА#
кн.39 гл.1: |ГЛАВА 1|
кн.39 гл.2: |ГЛАВА 2|
кн.39 гл.3: |ГЛАВА 3|
кн.39 гл.4: |ГЛАВА 4|
кн.40: #КНИГА НА ПРОРОК МИХЕЙ#
кн.40 гл.1: |ГЛАВА 1|
кн.40 гл.2: |ГЛАВА 2|
кн.40 гл.3: |ГЛАВА 3|
кн.40 гл.4: |ГЛАВА 4|
кн.40 гл.5: |ГЛАВА 5|
кн.40 гл.6: |ГЛАВА 6|
кн.40 гл.7: |ГЛАВА 7|
кн.41: #КНИГА НА ПРОРОК НАУМА#
кн.41 гл.1: |ГЛАВА 1|
кн.41 гл.2: |ГЛАВА 2|
кн.41 гл.3: |ГЛАВА 3|
кн.42: #КНИГА НА ПРОРОК АВАКУМА#
кн.42 гл.1: |ГЛАВА 1|
кн.42 гл.2: |ГЛАВА 2|
кн.42 гл.3: |ГЛАВА 3|
кн.43: #КНИГА НА ПРОРОК СОФОНИЯ#
кн.43 гл.1: |ГЛАВА 1|
кн.43 гл.2: |ГЛАВА 2|
кн.43 гл.3: |ГЛАВА 3|
кн.44: #КНИГА НА ПРОРОК АГЕЙ#
кн.44 гл.1: |ГЛАВА 1|
кн.44 гл.2: |ГЛАВА 2|
кн.45: #КНИГА НА ПРОРОК ЗАХАРИЯ#
кн.45 гл.1: |ГЛАВА 1|
кн.45 гл.2: |ГЛАВА 2|
кн.45 гл.3: |ГЛАВА 3|
кн.45 гл.4: |ГЛАВА 4|
кн.45 гл.5: |ГЛАВА 5|
кн.45 гл.6: |ГЛАВА 6|
кн.45 гл.7: |ГЛАВА 7|
кн.45 гл.8: |ГЛАВА 8|
кн.45 гл.9: |ГЛАВА 9|
кн.45 гл.10: |ГЛАВА 10|
кн.45 гл.11: |ГЛАВА 11|
кн.45 гл.12: |ГЛАВА 12|
кн.45 гл.13: |ГЛАВА 13|
кн.45 гл.14: |ГЛАВА 14|
кн.46: #КНИГА НА ПРОРОК МАЛАХИЯ#
кн.46 гл.1: |ГЛАВА 1|
кн.46 гл.2: |ГЛАВА 2|
кн.46 гл.3: |ГЛАВА 3|
кн.46 гл.4: |ГЛАВА 4|
кн.47: #ПЪРВА КНИГА МАКАВЕЙСКА# =*(И трите кн.Макавейски са преведени от гръцки)
кн.47 гл.1: |ГЛАВА 1|
кн.47 гл.2: |ГЛАВА 2|
кн.47 гл.3: |ГЛАВА 3|
кн.47 гл.4: |ГЛАВА 4|
кн.47 гл.5: |ГЛАВА 5|
кн.47 гл.6: |ГЛАВА 6|
кн.47 гл.7: |ГЛАВА 7|
кн.47 гл.8: |ГЛАВА 8|
кн.47 гл.9: |ГЛАВА 9|
кн.47 гл.10: |ГЛАВА 10|
кн.47 гл.11: |ГЛАВА 11|
кн.47 гл.12: |ГЛАВА 12|
кн.47 гл.13: |ГЛАВА 13|
кн.47 гл.14: |ГЛАВА 14|
кн.47 гл.15: |ГЛАВА 15|
кн.47 гл.16: |ГЛАВА 16|
кн.48: #ВТОРА КНИГА МАКАВЕЙСКА# =*(И трите кн.Макавейски са преведени от гръцки)
кн.48 гл.1: |ГЛАВА 1|
кн.48 гл.2: |ГЛАВА 2|
кн.48 гл.3: |ГЛАВА 3|
кн.48 гл.4: |ГЛАВА 4|
кн.48 гл.5: |ГЛАВА 5|
кн.48 гл.6: |ГЛАВА 6|
кн.48 гл.7: |ГЛАВА 7|
кн.48 гл.8: |ГЛАВА 8|
кн.48 гл.9: |ГЛАВА 9|
кн.48 гл.10: |ГЛАВА 10|
кн.48 гл.11: |ГЛАВА 11|
кн.48 гл.12: |ГЛАВА 12|
кн.48 гл.13: |ГЛАВА 13|
кн.48 гл.14: |ГЛАВА 14|
кн.48 гл.15: |ГЛАВА 15|
кн.49: #ТРЕТА КНИГА МАКАВЕЙСКА# =*(И трите кн.Макавейски са преведени от гръцки)
кн.49 гл.1: |ГЛАВА 1|
кн.49 гл.2: |ГЛАВА 2|
кн.49 гл.3: |ГЛАВА 3|
кн.49 гл.4: |ГЛАВА 4|
кн.49 гл.5: |ГЛАВА 5|
кн.49 гл.6: |ГЛАВА 6|
кн.49 гл.7: |ГЛАВА 7|
кн.50: #ТРЕТА КНИГА НА ЕЗДРА#=*(Тая книга я няма нито на еврейски, нито на гръцки език. Както Славянският, така и Руският превод е направен от Вулгата. В последната тя е разделена на две книги: Първата съставят главите III - XIV според Славянския превод, а втората съдържа глави I, II, XV и XVI. В Българския превод е задържан редът на главите според Славянския превод.)
кн.50 гл.1: |ГЛАВА 1|
кн.50 гл.2: |ГЛАВА 2|
кн.50 гл.3: |ГЛАВА 3|
кн.50 гл.4: |ГЛАВА 4|
кн.50 гл.5: |ГЛАВА 5|
кн.50 гл.6: |ГЛАВА 6|
кн.50 гл.7: |ГЛАВА 7|
кн.50 гл.8: |ГЛАВА 8|
кн.50 гл.9: |ГЛАВА 9|
кн.50 гл.10: |ГЛАВА 10|
кн.50 гл.11: |ГЛАВА 11|
кн.50 гл.12: |ГЛАВА 12|
кн.50 гл.13: |ГЛАВА 13|
кн.50 гл.14: |ГЛАВА 14|
кн.50 гл.15: |ГЛАВА 15|
кн.50 гл.16: |ГЛАВА 16|
в OT има 50 книги, 1101 глави, 29064 стиха.