a:NT 1:27
 Tst:NT bkFrom:1 bkTo:27

 b:1-27
 b:1 c:1-28: 1 2 3 4 5 6 7 8 9 10 11 12 13 14 15 16 17 18 19 20 21 22 23 24 25 26 27 28
 b:2 c:1-16: 1 2 3 4 5 6 7 8 9 10 11 12 13 14 15 16
 b:3 c:1-24: 1 2 3 4 5 6 7 8 9 10 11 12 13 14 15 16 17 18 19 20 21 22 23 24
 b:4 c:1-21: 1 2 3 4 5 6 7 8 9 10 11 12 13 14 15 16 17 18 19 20 21
 b:5 c:1-28: 1 2 3 4 5 6 7 8 9 10 11 12 13 14 15 16 17 18 19 20 21 22 23 24 25 26 27 28
 b:6 c:1-5: 1 2 3 4 5
 b:7 c:1-5: 1 2 3 4 5
 b:8 c:1-3: 1 2 3
 b:9 c:1-5: 1 2 3 4 5
 b:10 c:1-1: 1
 b:11 c:1-1: 1
 b:12 c:1-1: 1
 b:13 c:1-16: 1 2 3 4 5 6 7 8 9 10 11 12 13 14 15 16
 b:14 c:1-16: 1 2 3 4 5 6 7 8 9 10 11 12 13 14 15 16
 b:15 c:1-13: 1 2 3 4 5 6 7 8 9 10 11 12 13
 b:16 c:1-6: 1 2 3 4 5 6
 b:17 c:1-6: 1 2 3 4 5 6
 b:18 c:1-4: 1 2 3 4
 b:19 c:1-4: 1 2 3 4
 b:20 c:1-5: 1 2 3 4 5
 b:21 c:1-3: 1 2 3
 b:22 c:1-6: 1 2 3 4 5 6
 b:23 c:1-4: 1 2 3 4
 b:24 c:1-3: 1 2 3
 b:25 c:1-1: 1
 b:26 c:1-13: 1 2 3 4 5 6 7 8 9 10 11 12 13
 b:27 c:1-22: 1 2 3 4 5 6 7 8 9 10 11 12 13 14 15 16 17 18 19 20 21 22