$sys.js
desktop.ini
files_list.js
proj.cmd
proj.hta
proj.htm
proj.js
proj.lst
proj.npp.ses
proj.zip
-\chars.7z
-\chk.cmd
-\lst_md5.bat
-\old.js
-\proj.exist-fld.log
-\proj.files.js
-\proj-dmp.clr.htm.zip
-\proj-dmp.init.log
-\proj-dmp.menu.htm
-\proj-dmp.syntax.htm
-\proj-dmp.syntax.log
-\zip.cmd
-\+\edit-clr.bf
-\+\proj.bfproject
-\+\Web.Config
-\+\web.config (!).lnk
-\+\web.config.lnk
-\++\dir-md5 hlp.txt
-\++\HASHDEEP.txt.lnk
-\++\hashdeep64.exe.lnk
-\++\lst_md5 proj.lnk
-\++\MD5DEEP.txt.lnk
-\++\md5deep64.exe.lnk
-\++\sha1deep64.exe.lnk
-\++\sha256deep64.exe.lnk
-\++\tigerdeep64.exe.lnk
-\++\whirlpooldeep64.exe.lnk
ico\inodebdv.ico
